<?xml version="1.0" encoding="UTF-8"?>
<testsuite xmlns:xsi="http://www.w3.org/2001/XMLSchema-instance" xsi:noNamespaceSchemaLocation="https://maven.apache.org/surefire/maven-surefire-plugin/xsd/surefire-test-report-3.0.xsd" version="3.0" name="com.info5059.casestudy.CasestudyApplicationTests" time="9.848" tests="1" errors="0" skipped="0" failures="0">
  <properties>
[...]
</properties>
  <testcase name="contextLoads" classname="com.info5059.casestudy.CasestudyApplicationTests" time="0.966">
    <system-out><![CDATA[23:02:14.986 [main] INFO org.springframework.test.context.support.AnnotationConfigContextLoaderUtils -- Could not detect default configuration classes for test class [com.info5059.casestudy.CasestudyApplicationTests]: CasestudyApplicationTests does not declare any static, non-private, non-final, nested classes annotated with @Configuration.
23:02:15.169 [main] INFO org.springframework.boot.test.context.SpringBootTestContextBootstrapper -- Found @SpringBootConfiguration com.info5059.casestudy.CasestudyApplication for test class com.info5059.casestudy.CasestudyApplicationTests

  .   ____          _            __ _ _
 /\\ / ___'_ __ _ _(_)_ __  __ _ \ \ \ \
( ( )\___ | '_ | '_| | '_ \/ _` | \ \ \ \
 \\/  ___)| |_)| | | | | || (_| |  ) ) ) )
  '  |____| .__|_| |_|_| |_\__, | / / / /
 =========|_|==============|___/=/_/_/_/
 :: Spring Boot ::                (v3.1.4)

2023-11-28T23:02:15.926-05:00  INFO 16876 --- [           main] c.i.casestudy.CasestudyApplicationTests  : Starting CasestudyApplicationTests using Java 20.0.2 with PID 16876 (started by Ivan in c:\Users\Ivan\Documents\FANSHAWE\COURSES\S6\JAVA_EE\Projects\casestudy)
2023-11-28T23:02:15.930-05:00  INFO 16876 --- [           main] c.i.casestudy.CasestudyApplicationTests  : No active profile set, falling back to 1 default profile: "default"
2023-11-28T23:02:17.272-05:00  INFO 16876 --- [           main] .s.d.r.c.RepositoryConfigurationDelegate : Bootstrapping Spring Data JPA repositories in DEFAULT mode.
2023-11-28T23:02:17.393-05:00  INFO 16876 --- [           main] .s.d.r.c.RepositoryConfigurationDelegate : Finished Spring Data repository scanning in 100 ms. Found 3 JPA repository interfaces.
2023-11-28T23:02:18.041-05:00  INFO 16876 --- [           main] com.zaxxer.hikari.HikariDataSource       : HikariPool-1 - Starting...
2023-11-28T23:02:18.362-05:00  INFO 16876 --- [           main] com.zaxxer.hikari.pool.HikariPool        : HikariPool-1 - Added connection conn0: url=jdbc:h2:mem:casestudy user=SA
2023-11-28T23:02:18.364-05:00  INFO 16876 --- [           main] com.zaxxer.hikari.HikariDataSource       : HikariPool-1 - Start completed.
2023-11-28T23:02:18.435-05:00  INFO 16876 --- [           main] o.hibernate.jpa.internal.util.LogHelper  : HHH000204: Processing PersistenceUnitInfo [name: default]
2023-11-28T23:02:18.557-05:00  INFO 16876 --- [           main] org.hibernate.Version                    : HHH000412: Hibernate ORM core version 6.2.9.Final
2023-11-28T23:02:18.562-05:00  INFO 16876 --- [           main] org.hibernate.cfg.Environment            : HHH000406: Using bytecode reflection optimizer
2023-11-28T23:02:18.957-05:00  INFO 16876 --- [           main] o.h.b.i.BytecodeProviderInitiator        : HHH000021: Bytecode provider name : bytebuddy
2023-11-28T23:02:19.184-05:00  INFO 16876 --- [           main] o.s.o.j.p.SpringPersistenceUnitInfo      : No LoadTimeWeaver setup: ignoring JPA class transformer
2023-11-28T23:02:19.626-05:00  INFO 16876 --- [           main] o.h.b.i.BytecodeProviderInitiator        : HHH000021: Bytecode provider name : bytebuddy
2023-11-28T23:02:20.612-05:00  INFO 16876 --- [           main] o.h.e.t.j.p.i.JtaPlatformInitiator       : HHH000490: Using JtaPlatform implementation: [org.hibernate.engine.transaction.jta.platform.internal.NoJtaPlatform]
Hibernate: 
    drop table if exists product cascade 
Hibernate: 
    drop table if exists purchase_order cascade 
Hibernate: 
    drop table if exists purchase_order_line_item cascade 
Hibernate: 
    drop table if exists vendor cascade 
Hibernate: 
    create table product (
        costprice numeric(38,2),
        eoq integer not null,
        msrp numeric(38,2),
        qoh integer not null,
        qoo integer not null,
        rop integer not null,
        vendorid integer not null,
        id varchar(255) not null,
        name varchar(255),
        qrcodetxt varchar(255),
        qrcode blob,
        primary key (id)
    )
Hibernate: 
    create table purchase_order (
        amount numeric(38,2),
        id bigint generated by default as identity,
        podate timestamp(6),
        vendorid bigint,
        primary key (id)
    )
Hibernate: 
    create table purchase_order_line_item (
        price numeric(38,2),
        qty integer not null,
        id bigint generated by default as identity,
        poid bigint,
        productid varchar(255),
        primary key (id)
    )
Hibernate: 
    create table vendor (
        id bigint generated by default as identity,
        address1 varchar(255),
        city varchar(255),
        email varchar(255),
        name varchar(255),
        phone varchar(255),
        postalcode varchar(255),
        province varchar(255),
        type varchar(255),
        primary key (id)
    )
Hibernate: 
    alter table if exists purchase_order_line_item 
       add constraint FKg4fl83mchukjajcx0ikbedp7u 
       foreign key (poid) 
       references purchase_order
2023-11-28T23:02:20.724-05:00  INFO 16876 --- [           main] j.LocalContainerEntityManagerFactoryBean : Initialized JPA EntityManagerFactory for persistence unit 'default'
2023-11-28T23:02:21.276-05:00  INFO 16876 --- [           main] o.s.d.j.r.query.QueryEnhancerFactory     : Hibernate is in classpath; If applicable, HQL parser will be used.
2023-11-28T23:02:22.323-05:00  WARN 16876 --- [           main] JpaBaseConfiguration$JpaWebConfiguration : spring.jpa.open-in-view is enabled by default. Therefore, database queries may be performed during view rendering. Explicitly configure spring.jpa.open-in-view to disable this warning
2023-11-28T23:02:22.944-05:00  INFO 16876 --- [           main] o.s.b.a.w.s.WelcomePageHandlerMapping    : Adding welcome page: class path resource [static/index.html]
2023-11-28T23:02:23.346-05:00  INFO 16876 --- [           main] o.s.b.a.h2.H2ConsoleAutoConfiguration    : H2 console available at '/h2'. Database available at 'jdbc:h2:mem:casestudy'
2023-11-28T23:02:23.478-05:00  INFO 16876 --- [           main] c.i.casestudy.CasestudyApplicationTests  : Started CasestudyApplicationTests in 8.046 seconds (process running for 9.738)
]]></system-out>
  </testcase>
</testsuite>